Dataset shape: 296 samples, 14 columns
  Continuous columns (5): ['age', 'trestbps', 'chol', 'thalach', 'oldpeak']
  Categorical/binary columns (8): ['sex', 'cp', 'fbs', 'restecg', 'exang', 'slope', 'ca', 'thal']
  Label column: target

Target distribution:
target
disease (1)    160
healthy (0)    136
Name: count, dtype: int64

Continuous columns - mean/std BEFORE standardization:
                mean        std
age        54.523649   9.059471
trestbps  131.604730  17.726620
chol      247.155405  51.977011
thalach   149.560811  22.970792
oldpeak     1.059122   1.166474

Continuous columns - mean/std AFTER standardization:
                  mean       std
age       3.840772e-16  1.001693
trestbps -6.001206e-16  1.001693
chol     -2.340470e-16  1.001693
thalach   1.680338e-16  1.001693
oldpeak  -9.601929e-17  1.001693

Categorical/binary columns - value distribution:
  sex:
sex
0     95
1    201

  cp:
cp
0    141
1     49
2     83
3     23

  fbs:
fbs
0    253
1     43

  restecg:
restecg
0    145
1    147
2      4

  exang:
exang
0    199
1     97

  slope:
slope
0     21
1    137
2    138

  ca:
ca
0    173
1     65
2     38
3     20

  thal:
thal
1     18
2    163
3    115


Saved plots: continuous_before.png, categorical_distribution.png, target_distribution.png
